<?xml version="1.0" encoding="utf-8"?><testsuites><testsuite name="pytest" errors="0" failures="0" skipped="0" tests="24" time="1.387" timestamp="2023-02-13T11:03:37.503799" hostname="test_node"><testcase classname="tests.test_auth" name="test_register" time="0.163" /><testcase classname="tests.test_auth" name="test_register_validate_input[--Username is required.]" time="0.038" /><testcase classname="tests.test_auth" name="test_register_validate_input[a--Password is required.]" time="0.033" /><testcase classname="tests.test_auth" name="test_register_validate_input[test-test-already registered]" time="0.153" /><testcase classname="tests.test_auth" name="test_login" time="0.061" /><testcase classname="tests.test_auth" name="test_login_validate_input[a-test-Incorrect username.]" time="0.044" /><testcase classname="tests.test_auth" name="test_login_validate_input[test-a-Incorrect password.]" time="0.053" /><testcase classname="tests.test_auth" name="test_logout" time="0.059" /><testcase classname="tests.test_blog" name="test_index" time="0.058" /><testcase classname="tests.test_blog" name="test_login_required[/create]" time="0.039" /><testcase classname="tests.test_blog" name="test_login_required[/1/update]" time="0.025" /><testcase classname="tests.test_blog" name="test_login_required[/1/delete]" time="0.022" /><testcase classname="tests.test_blog" name="test_author_required" time="0.058" /><testcase classname="tests.test_blog" name="test_exists_required[/2/update]" time="0.077" /><testcase classname="tests.test_blog" name="test_exists_required[/2/delete]" time="0.055" /><testcase classname="tests.test_blog" name="test_create" time="0.061" /><testcase classname="tests.test_blog" name="test_update" time="0.064" /><testcase classname="tests.test_blog" name="test_create_update_validate[/create]" time="0.055" /><testcase classname="tests.test_blog" name="test_create_update_validate[/1/update]" time="0.056" /><testcase classname="tests.test_blog" name="test_delete" time="0.070" /><testcase classname="tests.test_db" name="test_get_close_db" time="0.024" /><testcase classname="tests.test_db" name="test_init_db_command" time="0.025" /><testcase classname="tests.test_factory" name="test_config" time="0.008" /><testcase classname="tests.test_factory" name="test_hello" time="0.045" /></testsuite></testsuites>